<?xml version="1.0" encoding="UTF-8"?>
<!-- Generated by org.testng.reporters.JUnitXMLReporter -->
<testsuite ignored="0" hostname="DESKTOP-VGQDU2F" failures="1" tests="8" name="Test on Edge" time="73.916" errors="0" timestamp="2020-07-17T05:20:33 IST">
  <testcase classname="basePackage.TestOrangeHRM" name="loginApp" time="5.579"/>
  <testcase classname="secondPackage.TestOrangeHRMSecond" name="loginApp" time="6.311"/>
  <testcase classname="basePackage.TestOrangeHRM" name="searchEmployee" time="16.484">
    <failure type="org.openqa.selenium.NoSuchElementException" message="no such element: Unable to locate element: {&amp;quot;method&amp;quot;:&amp;quot;xpath&amp;quot;,&amp;quot;selector&amp;quot;:&amp;quot;//div[@class=&amp;apos;ac_results&amp;apos;]/ul/li/strong[contains(text(),&amp;apos;Linda Anderson&amp;apos;)]&amp;quot;}
  (Session info: MicrosoftEdge=84.0.522.40)
For documentation on this error, please visit: https://www.seleniumhq.org/exceptions/no_such_element.html
Build info: version: &amp;apos;3.141.59&amp;apos;, revision: &amp;apos;e82be7d358&amp;apos;, time: &amp;apos;2018-11-14T08:25:48&amp;apos;
System info: host: &amp;apos;DESKTOP-VGQDU2F&amp;apos;, ip: &amp;apos;192.168.29.156&amp;apos;, os.name: &amp;apos;Windows 10&amp;apos;, os.arch: &amp;apos;amd64&amp;apos;, os.version: &amp;apos;10.0&amp;apos;, java.version: &amp;apos;14.0.1&amp;apos;
Driver info: org.openqa.selenium.edge.EdgeDriver
Capabilities {acceptInsecureCerts: false, browserName: msedge, browserVersion: 84.0.522.40, javascriptEnabled: true, ms:edgeOptions: {debuggerAddress: localhost:1544}, msedge: {msedgedriverVersion: 83.0.478.64 (733bb26de413c9..., userDataDir: C:\Users\ravshan\AppData\Lo...}, networkConnectionEnabled: false, pageLoadStrategy: normal, platform: WINDOWS, platformName: WINDOWS, proxy: Proxy(), setWindowRect: true, strictFileInteractability: false, timeouts: {implicit: 0, pageLoad: 300000, script: 30000}, unhandledPromptBehavior: dismiss and notify, webauthn:virtualAuthenticators: true}
Session ID: e6990ec122acb532868e51dbba630454
*** Element info: {Using=xpath, value=//div[@class=&amp;apos;ac_results&amp;apos;]/ul/li/strong[contains(text(),&amp;apos;Linda Anderson&amp;apos;)]}">
      <![CDATA[org.openqa.selenium.NoSuchElementException: no such element: Unable to locate element: {"method":"xpath","selector":"//div[@class='ac_results']/ul/li/strong[contains(text(),'Linda Anderson')]"}
  (Session info: MicrosoftEdge=84.0.522.40)
For documentation on this error, please visit: https://www.seleniumhq.org/exceptions/no_such_element.html
Build info: version: '3.141.59', revision: 'e82be7d358', time: '2018-11-14T08:25:48'
System info: host: 'DESKTOP-VGQDU2F', ip: '192.168.29.156', os.name: 'Windows 10', os.arch: 'amd64', os.version: '10.0', java.version: '14.0.1'
Driver info: org.openqa.selenium.edge.EdgeDriver
Capabilities {acceptInsecureCerts: false, browserName: msedge, browserVersion: 84.0.522.40, javascriptEnabled: true, ms:edgeOptions: {debuggerAddress: localhost:1544}, msedge: {msedgedriverVersion: 83.0.478.64 (733bb26de413c9..., userDataDir: C:\Users\ravshan\AppData\Lo...}, networkConnectionEnabled: false, pageLoadStrategy: normal, platform: WINDOWS, platformName: WINDOWS, proxy: Proxy(), setWindowRect: true, strictFileInteractability: false, timeouts: {implicit: 0, pageLoad: 300000, script: 30000}, unhandledPromptBehavior: dismiss and notify, webauthn:virtualAuthenticators: true}
Session ID: e6990ec122acb532868e51dbba630454
*** Element info: {Using=xpath, value=//div[@class='ac_results']/ul/li/strong[contains(text(),'Linda Anderson')]}
at org.openqa.selenium.remote.http.W3CHttpResponseCodec.createException(W3CHttpResponseCodec.java:187)
at org.openqa.selenium.remote.http.W3CHttpResponseCodec.decode(W3CHttpResponseCodec.java:122)
at org.openqa.selenium.remote.http.W3CHttpResponseCodec.decode(W3CHttpResponseCodec.java:49)
at org.openqa.selenium.remote.HttpCommandExecutor.execute(HttpCommandExecutor.java:158)
at org.openqa.selenium.remote.service.DriverCommandExecutor.execute(DriverCommandExecutor.java:83)
at org.openqa.selenium.remote.RemoteWebDriver.execute(RemoteWebDriver.java:552)
at org.openqa.selenium.remote.RemoteWebDriver.findElement(RemoteWebDriver.java:323)
at org.openqa.selenium.remote.RemoteWebDriver.findElementByXPath(RemoteWebDriver.java:428)
at org.openqa.selenium.By$ByXPath.findElement(By.java:353)
at org.openqa.selenium.remote.RemoteWebDriver.findElement(RemoteWebDriver.java:315)
at basePackage.TestOrangeHRM.searchEmployee(TestOrangeHRM.java:118)
at java.base/java.util.ArrayList.forEach(ArrayList.java:1510)
at java.base/java.util.concurrent.FutureTask.run(FutureTask.java:264)
at java.base/java.util.concurrent.ThreadPoolExecutor.runWorker(ThreadPoolExecutor.java:1130)
at java.base/java.util.concurrent.ThreadPoolExecutor$Worker.run(ThreadPoolExecutor.java:630)
at java.base/java.lang.Thread.run(Thread.java:832)
... Removed 23 stack frames]]>
    </failure>
  </testcase> <!-- searchEmployee -->
  <testcase classname="basePackage.TestOrangeHRM" name="searchUser" time="4.651"/>
  <testcase classname="secondPackage.TestOrangeHRMSecond" name="searchEmployee" time="6.894"/>
  <testcase classname="secondPackage.TestOrangeHRMSecond" name="searchUser" time="4.784"/>
  <testcase classname="basePackage.TestOrangeHRM" name="logOut" time="1.424"/>
  <testcase classname="secondPackage.TestOrangeHRMSecond" name="logOut" time="1.459"/>
</testsuite> <!-- Test on Edge -->
